<?xml version="1.0" encoding="UTF-8"?>
<testsuite xmlns:xsi="http://www.w3.org/2001/XMLSchema-instance" xsi:noNamespaceSchemaLocation="https://maven.apache.org/surefire/maven-surefire-plugin/xsd/surefire-test-report-3.0.xsd" version="3.0" name="com.platform.recruitment.AuthServiceTest" time="0.442" tests="12" errors="0" skipped="0" failures="0">
  <properties>
[...]
</properties>
  <testcase name="testRegisterCandidate_WithMultiIndustry_PersistsAllIndustries" classname="com.platform.recruitment.AuthServiceTest" time="0.355"/>
  <testcase name="testLogin_VerifiedEmail_Success" classname="com.platform.recruitment.AuthServiceTest" time="0.015"/>
  <testcase name="testCheckEmail_AlreadyExists" classname="com.platform.recruitment.AuthServiceTest" time="0.009"/>
  <testcase name="testRegisterCandidate_CreatesUnverifiedUserAndToken" classname="com.platform.recruitment.AuthServiceTest" time="0.006"/>
  <testcase name="testLogin_UnverifiedEmail_ThrowsException" classname="com.platform.recruitment.AuthServiceTest" time="0.007"/>
  <testcase name="testVerifyEmail_ReusedToken_ThrowsException" classname="com.platform.recruitment.AuthServiceTest" time="0.006"/>
  <testcase name="testVerifyEmail_InvalidToken_ThrowsException" classname="com.platform.recruitment.AuthServiceTest" time="0.006"/>
  <testcase name="testResendVerification_RateLimited" classname="com.platform.recruitment.AuthServiceTest" time="0.006"/>
  <testcase name="testVerifyEmail_Success" classname="com.platform.recruitment.AuthServiceTest" time="0.004">
    <system-out><![CDATA[00:44:46.395 [main] INFO com.platform.recruitment.auth.AuthService -- Successfully verified email for user: unverified@example.com
]]></system-out>
  </testcase>
  <testcase name="testVerifyEmail_ExpiredToken_ThrowsException" classname="com.platform.recruitment.AuthServiceTest" time="0.006"/>
  <testcase name="testResendVerification_Success" classname="com.platform.recruitment.AuthServiceTest" time="0.004"/>
  <testcase name="testCheckEmail_Available" classname="com.platform.recruitment.AuthServiceTest" time="0.005"/>
</testsuite>